[2023-11-26T19:36:32.266+0000] {taskinstance.py:1159} INFO - Dependencies all met for dep_context=non-requeueable deps ti=<TaskInstance: dag_finalpro_fredicia.generate_dim manual__2023-11-26T19:36:30.780216+00:00 [queued]>
[2023-11-26T19:36:32.273+0000] {taskinstance.py:1159} INFO - Dependencies all met for dep_context=requeueable deps ti=<TaskInstance: dag_finalpro_fredicia.generate_dim manual__2023-11-26T19:36:30.780216+00:00 [queued]>
[2023-11-26T19:36:32.273+0000] {taskinstance.py:1361} INFO - Starting attempt 1 of 1
[2023-11-26T19:36:32.284+0000] {taskinstance.py:1382} INFO - Executing <Task(PythonOperator): generate_dim> on 2023-11-26 19:36:30.780216+00:00
[2023-11-26T19:36:32.289+0000] {standard_task_runner.py:57} INFO - Started process 2365 to run task
[2023-11-26T19:36:32.291+0000] {standard_task_runner.py:84} INFO - Running: ['***', 'tasks', 'run', 'dag_finalpro_fredicia', 'generate_dim', 'manual__2023-11-26T19:36:30.780216+00:00', '--job-id', '352', '--raw', '--subdir', 'DAGS_FOLDER/dag-finalpro-fredicia.py', '--cfg-path', '/tmp/tmp1j22l7m1']
[2023-11-26T19:36:32.292+0000] {standard_task_runner.py:85} INFO - Job 352: Subtask generate_dim
[2023-11-26T19:36:32.326+0000] {task_command.py:416} INFO - Running <TaskInstance: dag_finalpro_fredicia.generate_dim manual__2023-11-26T19:36:30.780216+00:00 [running]> on host 316a5e988948
[2023-11-26T19:36:32.383+0000] {taskinstance.py:1662} INFO - Exporting env vars: AIRFLOW_CTX_DAG_OWNER='***' AIRFLOW_CTX_DAG_ID='dag_finalpro_fredicia' AIRFLOW_CTX_TASK_ID='generate_dim' AIRFLOW_CTX_EXECUTION_DATE='2023-11-26T19:36:30.780216+00:00' AIRFLOW_CTX_TRY_NUMBER='1' AIRFLOW_CTX_DAG_RUN_ID='manual__2023-11-26T19:36:30.780216+00:00'
[2023-11-26T19:36:32.398+0000] {logging_mixin.py:151} INFO - Connecting to MySQL
[2023-11-26T19:36:32.398+0000] {logging_mixin.py:151} INFO - ***+***connector://***:***@172.17.0.1:3307/***
[2023-11-26T19:36:32.634+0000] {logging_mixin.py:151} INFO - Connecting to PostgreSQL
[2023-11-26T19:36:32.678+0000] {logging_mixin.py:151} INFO - GET DATA FROM MYSQL SUCCESS
[2023-11-26T19:36:32.698+0000] {logging_mixin.py:151} INFO - INSERTED dim_district TO POSTGRES SUCCESSFULLY
[2023-11-26T19:36:32.709+0000] {logging_mixin.py:151} INFO - GET DATA FROM MYSQL SUCCESS
[2023-11-26T19:36:32.721+0000] {logging_mixin.py:151} INFO - INSERTED dim_province TO POSTGRES SUCCESSFULLY
[2023-11-26T19:36:32.733+0000] {logging_mixin.py:151} INFO - GET DATA FROM MYSQL SUCCESS
[2023-11-26T19:36:32.749+0000] {logging_mixin.py:151} INFO - INSERTED dim_case TO POSTGRES SUCCESSFULLY
[2023-11-26T19:36:32.750+0000] {python.py:194} INFO - Done. Returned value was: None
[2023-11-26T19:36:32.758+0000] {taskinstance.py:1400} INFO - Marking task as SUCCESS. dag_id=dag_finalpro_fredicia, task_id=generate_dim, execution_date=20231126T193630, start_date=20231126T193632, end_date=20231126T193632
[2023-11-26T19:36:32.805+0000] {local_task_job_runner.py:228} INFO - Task exited with return code 0
[2023-11-26T19:36:32.826+0000] {taskinstance.py:2778} INFO - 2 downstream tasks scheduled from follow-on schedule check
