[2023-11-27T04:50:53.596+0000] {processor.py:157} INFO - Started process (PID=226) to work on /opt/airflow/dags/dag-finalpro-fredicia.py
[2023-11-27T04:50:53.597+0000] {processor.py:829} INFO - Processing file /opt/airflow/dags/dag-finalpro-fredicia.py for tasks to queue
[2023-11-27T04:50:53.597+0000] {logging_mixin.py:151} INFO - [2023-11-27T04:50:53.597+0000] {dagbag.py:536} INFO - Filling up the DagBag from /opt/airflow/dags/dag-finalpro-fredicia.py
[2023-11-27T04:50:53.816+0000] {processor.py:839} INFO - DAG(s) dict_keys(['dag_finalpro_fredicia']) retrieved from /opt/airflow/dags/dag-finalpro-fredicia.py
[2023-11-27T04:50:53.834+0000] {logging_mixin.py:151} INFO - [2023-11-27T04:50:53.834+0000] {dag.py:2941} INFO - Sync 1 DAGs
[2023-11-27T04:50:53.854+0000] {logging_mixin.py:151} INFO - [2023-11-27T04:50:53.854+0000] {dag.py:3722} INFO - Setting next_dagrun for dag_finalpro_fredicia to 2023-11-27T00:00:00+00:00, run_after=2023-11-28T00:00:00+00:00
[2023-11-27T04:50:53.869+0000] {processor.py:179} INFO - Processing /opt/airflow/dags/dag-finalpro-fredicia.py took 0.275 seconds
[2023-11-27T04:51:23.991+0000] {processor.py:157} INFO - Started process (PID=257) to work on /opt/airflow/dags/dag-finalpro-fredicia.py
[2023-11-27T04:51:23.993+0000] {processor.py:829} INFO - Processing file /opt/airflow/dags/dag-finalpro-fredicia.py for tasks to queue
[2023-11-27T04:51:23.993+0000] {logging_mixin.py:151} INFO - [2023-11-27T04:51:23.993+0000] {dagbag.py:536} INFO - Filling up the DagBag from /opt/airflow/dags/dag-finalpro-fredicia.py
[2023-11-27T04:51:24.224+0000] {processor.py:839} INFO - DAG(s) dict_keys(['dag_finalpro_fredicia']) retrieved from /opt/airflow/dags/dag-finalpro-fredicia.py
[2023-11-27T04:51:24.246+0000] {logging_mixin.py:151} INFO - [2023-11-27T04:51:24.245+0000] {dag.py:2941} INFO - Sync 1 DAGs
[2023-11-27T04:51:24.265+0000] {logging_mixin.py:151} INFO - [2023-11-27T04:51:24.265+0000] {dag.py:3722} INFO - Setting next_dagrun for dag_finalpro_fredicia to 2023-11-27T00:00:00+00:00, run_after=2023-11-28T00:00:00+00:00
[2023-11-27T04:51:24.279+0000] {processor.py:179} INFO - Processing /opt/airflow/dags/dag-finalpro-fredicia.py took 0.291 seconds
[2023-11-27T04:51:54.411+0000] {processor.py:157} INFO - Started process (PID=263) to work on /opt/airflow/dags/dag-finalpro-fredicia.py
[2023-11-27T04:51:54.413+0000] {processor.py:829} INFO - Processing file /opt/airflow/dags/dag-finalpro-fredicia.py for tasks to queue
[2023-11-27T04:51:54.414+0000] {logging_mixin.py:151} INFO - [2023-11-27T04:51:54.414+0000] {dagbag.py:536} INFO - Filling up the DagBag from /opt/airflow/dags/dag-finalpro-fredicia.py
[2023-11-27T04:51:54.606+0000] {processor.py:839} INFO - DAG(s) dict_keys(['dag_finalpro_fredicia']) retrieved from /opt/airflow/dags/dag-finalpro-fredicia.py
[2023-11-27T04:51:54.625+0000] {logging_mixin.py:151} INFO - [2023-11-27T04:51:54.625+0000] {dag.py:2941} INFO - Sync 1 DAGs
[2023-11-27T04:51:54.643+0000] {logging_mixin.py:151} INFO - [2023-11-27T04:51:54.643+0000] {dag.py:3722} INFO - Setting next_dagrun for dag_finalpro_fredicia to 2023-11-27T00:00:00+00:00, run_after=2023-11-28T00:00:00+00:00
[2023-11-27T04:51:54.656+0000] {processor.py:179} INFO - Processing /opt/airflow/dags/dag-finalpro-fredicia.py took 0.247 seconds
[2023-11-27T04:52:24.778+0000] {processor.py:157} INFO - Started process (PID=269) to work on /opt/airflow/dags/dag-finalpro-fredicia.py
[2023-11-27T04:52:24.780+0000] {processor.py:829} INFO - Processing file /opt/airflow/dags/dag-finalpro-fredicia.py for tasks to queue
[2023-11-27T04:52:24.781+0000] {logging_mixin.py:151} INFO - [2023-11-27T04:52:24.780+0000] {dagbag.py:536} INFO - Filling up the DagBag from /opt/airflow/dags/dag-finalpro-fredicia.py
[2023-11-27T04:52:24.961+0000] {processor.py:839} INFO - DAG(s) dict_keys(['dag_finalpro_fredicia']) retrieved from /opt/airflow/dags/dag-finalpro-fredicia.py
[2023-11-27T04:52:24.980+0000] {logging_mixin.py:151} INFO - [2023-11-27T04:52:24.980+0000] {dag.py:2941} INFO - Sync 1 DAGs
[2023-11-27T04:52:24.998+0000] {logging_mixin.py:151} INFO - [2023-11-27T04:52:24.998+0000] {dag.py:3722} INFO - Setting next_dagrun for dag_finalpro_fredicia to 2023-11-27T00:00:00+00:00, run_after=2023-11-28T00:00:00+00:00
[2023-11-27T04:52:25.013+0000] {processor.py:179} INFO - Processing /opt/airflow/dags/dag-finalpro-fredicia.py took 0.238 seconds
[2023-11-27T04:52:55.134+0000] {processor.py:157} INFO - Started process (PID=275) to work on /opt/airflow/dags/dag-finalpro-fredicia.py
[2023-11-27T04:52:55.136+0000] {processor.py:829} INFO - Processing file /opt/airflow/dags/dag-finalpro-fredicia.py for tasks to queue
[2023-11-27T04:52:55.137+0000] {logging_mixin.py:151} INFO - [2023-11-27T04:52:55.137+0000] {dagbag.py:536} INFO - Filling up the DagBag from /opt/airflow/dags/dag-finalpro-fredicia.py
[2023-11-27T04:52:55.322+0000] {processor.py:839} INFO - DAG(s) dict_keys(['dag_finalpro_fredicia']) retrieved from /opt/airflow/dags/dag-finalpro-fredicia.py
[2023-11-27T04:52:55.341+0000] {logging_mixin.py:151} INFO - [2023-11-27T04:52:55.340+0000] {dag.py:2941} INFO - Sync 1 DAGs
[2023-11-27T04:52:55.361+0000] {logging_mixin.py:151} INFO - [2023-11-27T04:52:55.361+0000] {dag.py:3722} INFO - Setting next_dagrun for dag_finalpro_fredicia to 2023-11-27T00:00:00+00:00, run_after=2023-11-28T00:00:00+00:00
[2023-11-27T04:52:55.375+0000] {processor.py:179} INFO - Processing /opt/airflow/dags/dag-finalpro-fredicia.py took 0.243 seconds
[2023-11-27T04:53:25.507+0000] {processor.py:157} INFO - Started process (PID=281) to work on /opt/airflow/dags/dag-finalpro-fredicia.py
[2023-11-27T04:53:25.508+0000] {processor.py:829} INFO - Processing file /opt/airflow/dags/dag-finalpro-fredicia.py for tasks to queue
[2023-11-27T04:53:25.508+0000] {logging_mixin.py:151} INFO - [2023-11-27T04:53:25.508+0000] {dagbag.py:536} INFO - Filling up the DagBag from /opt/airflow/dags/dag-finalpro-fredicia.py
[2023-11-27T04:53:25.690+0000] {processor.py:839} INFO - DAG(s) dict_keys(['dag_finalpro_fredicia']) retrieved from /opt/airflow/dags/dag-finalpro-fredicia.py
[2023-11-27T04:53:25.708+0000] {logging_mixin.py:151} INFO - [2023-11-27T04:53:25.707+0000] {dag.py:2941} INFO - Sync 1 DAGs
[2023-11-27T04:53:25.727+0000] {logging_mixin.py:151} INFO - [2023-11-27T04:53:25.727+0000] {dag.py:3722} INFO - Setting next_dagrun for dag_finalpro_fredicia to 2023-11-27T00:00:00+00:00, run_after=2023-11-28T00:00:00+00:00
[2023-11-27T04:53:25.739+0000] {processor.py:179} INFO - Processing /opt/airflow/dags/dag-finalpro-fredicia.py took 0.234 seconds
[2023-11-27T04:53:55.870+0000] {processor.py:157} INFO - Started process (PID=287) to work on /opt/airflow/dags/dag-finalpro-fredicia.py
[2023-11-27T04:53:55.872+0000] {processor.py:829} INFO - Processing file /opt/airflow/dags/dag-finalpro-fredicia.py for tasks to queue
[2023-11-27T04:53:55.873+0000] {logging_mixin.py:151} INFO - [2023-11-27T04:53:55.873+0000] {dagbag.py:536} INFO - Filling up the DagBag from /opt/airflow/dags/dag-finalpro-fredicia.py
[2023-11-27T04:53:56.055+0000] {processor.py:839} INFO - DAG(s) dict_keys(['dag_finalpro_fredicia']) retrieved from /opt/airflow/dags/dag-finalpro-fredicia.py
[2023-11-27T04:53:56.073+0000] {logging_mixin.py:151} INFO - [2023-11-27T04:53:56.073+0000] {dag.py:2941} INFO - Sync 1 DAGs
[2023-11-27T04:53:56.091+0000] {logging_mixin.py:151} INFO - [2023-11-27T04:53:56.091+0000] {dag.py:3722} INFO - Setting next_dagrun for dag_finalpro_fredicia to 2023-11-27T00:00:00+00:00, run_after=2023-11-28T00:00:00+00:00
[2023-11-27T04:53:56.105+0000] {processor.py:179} INFO - Processing /opt/airflow/dags/dag-finalpro-fredicia.py took 0.237 seconds
[2023-11-27T04:54:26.232+0000] {processor.py:157} INFO - Started process (PID=293) to work on /opt/airflow/dags/dag-finalpro-fredicia.py
[2023-11-27T04:54:26.232+0000] {processor.py:829} INFO - Processing file /opt/airflow/dags/dag-finalpro-fredicia.py for tasks to queue
[2023-11-27T04:54:26.233+0000] {logging_mixin.py:151} INFO - [2023-11-27T04:54:26.233+0000] {dagbag.py:536} INFO - Filling up the DagBag from /opt/airflow/dags/dag-finalpro-fredicia.py
[2023-11-27T04:54:26.424+0000] {processor.py:839} INFO - DAG(s) dict_keys(['dag_finalpro_fredicia']) retrieved from /opt/airflow/dags/dag-finalpro-fredicia.py
[2023-11-27T04:54:26.443+0000] {logging_mixin.py:151} INFO - [2023-11-27T04:54:26.442+0000] {dag.py:2941} INFO - Sync 1 DAGs
[2023-11-27T04:54:26.461+0000] {logging_mixin.py:151} INFO - [2023-11-27T04:54:26.461+0000] {dag.py:3722} INFO - Setting next_dagrun for dag_finalpro_fredicia to 2023-11-27T00:00:00+00:00, run_after=2023-11-28T00:00:00+00:00
[2023-11-27T04:54:26.477+0000] {processor.py:179} INFO - Processing /opt/airflow/dags/dag-finalpro-fredicia.py took 0.248 seconds
[2023-11-27T04:54:56.610+0000] {processor.py:157} INFO - Started process (PID=299) to work on /opt/airflow/dags/dag-finalpro-fredicia.py
[2023-11-27T04:54:56.611+0000] {processor.py:829} INFO - Processing file /opt/airflow/dags/dag-finalpro-fredicia.py for tasks to queue
[2023-11-27T04:54:56.612+0000] {logging_mixin.py:151} INFO - [2023-11-27T04:54:56.611+0000] {dagbag.py:536} INFO - Filling up the DagBag from /opt/airflow/dags/dag-finalpro-fredicia.py
[2023-11-27T04:54:56.795+0000] {processor.py:839} INFO - DAG(s) dict_keys(['dag_finalpro_fredicia']) retrieved from /opt/airflow/dags/dag-finalpro-fredicia.py
[2023-11-27T04:54:56.813+0000] {logging_mixin.py:151} INFO - [2023-11-27T04:54:56.813+0000] {dag.py:2941} INFO - Sync 1 DAGs
[2023-11-27T04:54:56.834+0000] {logging_mixin.py:151} INFO - [2023-11-27T04:54:56.833+0000] {dag.py:3722} INFO - Setting next_dagrun for dag_finalpro_fredicia to 2023-11-27T00:00:00+00:00, run_after=2023-11-28T00:00:00+00:00
[2023-11-27T04:54:56.847+0000] {processor.py:179} INFO - Processing /opt/airflow/dags/dag-finalpro-fredicia.py took 0.240 seconds
[2023-11-27T04:55:26.976+0000] {processor.py:157} INFO - Started process (PID=305) to work on /opt/airflow/dags/dag-finalpro-fredicia.py
[2023-11-27T04:55:26.978+0000] {processor.py:829} INFO - Processing file /opt/airflow/dags/dag-finalpro-fredicia.py for tasks to queue
[2023-11-27T04:55:26.978+0000] {logging_mixin.py:151} INFO - [2023-11-27T04:55:26.978+0000] {dagbag.py:536} INFO - Filling up the DagBag from /opt/airflow/dags/dag-finalpro-fredicia.py
[2023-11-27T04:55:27.171+0000] {processor.py:839} INFO - DAG(s) dict_keys(['dag_finalpro_fredicia']) retrieved from /opt/airflow/dags/dag-finalpro-fredicia.py
[2023-11-27T04:55:27.191+0000] {logging_mixin.py:151} INFO - [2023-11-27T04:55:27.190+0000] {dag.py:2941} INFO - Sync 1 DAGs
[2023-11-27T04:55:27.209+0000] {logging_mixin.py:151} INFO - [2023-11-27T04:55:27.209+0000] {dag.py:3722} INFO - Setting next_dagrun for dag_finalpro_fredicia to 2023-11-27T00:00:00+00:00, run_after=2023-11-28T00:00:00+00:00
[2023-11-27T04:55:27.223+0000] {processor.py:179} INFO - Processing /opt/airflow/dags/dag-finalpro-fredicia.py took 0.249 seconds
[2023-11-27T04:55:57.349+0000] {processor.py:157} INFO - Started process (PID=311) to work on /opt/airflow/dags/dag-finalpro-fredicia.py
[2023-11-27T04:55:57.351+0000] {processor.py:829} INFO - Processing file /opt/airflow/dags/dag-finalpro-fredicia.py for tasks to queue
[2023-11-27T04:55:57.351+0000] {logging_mixin.py:151} INFO - [2023-11-27T04:55:57.351+0000] {dagbag.py:536} INFO - Filling up the DagBag from /opt/airflow/dags/dag-finalpro-fredicia.py
[2023-11-27T04:55:57.535+0000] {processor.py:839} INFO - DAG(s) dict_keys(['dag_finalpro_fredicia']) retrieved from /opt/airflow/dags/dag-finalpro-fredicia.py
[2023-11-27T04:55:57.552+0000] {logging_mixin.py:151} INFO - [2023-11-27T04:55:57.552+0000] {dag.py:2941} INFO - Sync 1 DAGs
[2023-11-27T04:55:57.569+0000] {logging_mixin.py:151} INFO - [2023-11-27T04:55:57.569+0000] {dag.py:3722} INFO - Setting next_dagrun for dag_finalpro_fredicia to 2023-11-27T00:00:00+00:00, run_after=2023-11-28T00:00:00+00:00
[2023-11-27T04:55:57.581+0000] {processor.py:179} INFO - Processing /opt/airflow/dags/dag-finalpro-fredicia.py took 0.234 seconds
[2023-11-27T04:56:27.712+0000] {processor.py:157} INFO - Started process (PID=317) to work on /opt/airflow/dags/dag-finalpro-fredicia.py
[2023-11-27T04:56:27.714+0000] {processor.py:829} INFO - Processing file /opt/airflow/dags/dag-finalpro-fredicia.py for tasks to queue
[2023-11-27T04:56:27.714+0000] {logging_mixin.py:151} INFO - [2023-11-27T04:56:27.714+0000] {dagbag.py:536} INFO - Filling up the DagBag from /opt/airflow/dags/dag-finalpro-fredicia.py
[2023-11-27T04:56:27.902+0000] {processor.py:839} INFO - DAG(s) dict_keys(['dag_finalpro_fredicia']) retrieved from /opt/airflow/dags/dag-finalpro-fredicia.py
[2023-11-27T04:56:27.921+0000] {logging_mixin.py:151} INFO - [2023-11-27T04:56:27.921+0000] {dag.py:2941} INFO - Sync 1 DAGs
[2023-11-27T04:56:27.940+0000] {logging_mixin.py:151} INFO - [2023-11-27T04:56:27.940+0000] {dag.py:3722} INFO - Setting next_dagrun for dag_finalpro_fredicia to 2023-11-27T00:00:00+00:00, run_after=2023-11-28T00:00:00+00:00
[2023-11-27T04:56:27.954+0000] {processor.py:179} INFO - Processing /opt/airflow/dags/dag-finalpro-fredicia.py took 0.245 seconds
[2023-11-27T04:56:58.078+0000] {processor.py:157} INFO - Started process (PID=323) to work on /opt/airflow/dags/dag-finalpro-fredicia.py
[2023-11-27T04:56:58.081+0000] {processor.py:829} INFO - Processing file /opt/airflow/dags/dag-finalpro-fredicia.py for tasks to queue
[2023-11-27T04:56:58.081+0000] {logging_mixin.py:151} INFO - [2023-11-27T04:56:58.081+0000] {dagbag.py:536} INFO - Filling up the DagBag from /opt/airflow/dags/dag-finalpro-fredicia.py
[2023-11-27T04:56:58.277+0000] {processor.py:839} INFO - DAG(s) dict_keys(['dag_finalpro_fredicia']) retrieved from /opt/airflow/dags/dag-finalpro-fredicia.py
[2023-11-27T04:56:58.296+0000] {logging_mixin.py:151} INFO - [2023-11-27T04:56:58.295+0000] {dag.py:2941} INFO - Sync 1 DAGs
[2023-11-27T04:56:58.315+0000] {logging_mixin.py:151} INFO - [2023-11-27T04:56:58.315+0000] {dag.py:3722} INFO - Setting next_dagrun for dag_finalpro_fredicia to 2023-11-27T00:00:00+00:00, run_after=2023-11-28T00:00:00+00:00
[2023-11-27T04:56:58.328+0000] {processor.py:179} INFO - Processing /opt/airflow/dags/dag-finalpro-fredicia.py took 0.252 seconds
[2023-11-27T04:57:28.452+0000] {processor.py:157} INFO - Started process (PID=329) to work on /opt/airflow/dags/dag-finalpro-fredicia.py
[2023-11-27T04:57:28.454+0000] {processor.py:829} INFO - Processing file /opt/airflow/dags/dag-finalpro-fredicia.py for tasks to queue
[2023-11-27T04:57:28.454+0000] {logging_mixin.py:151} INFO - [2023-11-27T04:57:28.454+0000] {dagbag.py:536} INFO - Filling up the DagBag from /opt/airflow/dags/dag-finalpro-fredicia.py
[2023-11-27T04:57:28.668+0000] {processor.py:839} INFO - DAG(s) dict_keys(['dag_finalpro_fredicia']) retrieved from /opt/airflow/dags/dag-finalpro-fredicia.py
[2023-11-27T04:57:28.688+0000] {logging_mixin.py:151} INFO - [2023-11-27T04:57:28.687+0000] {dag.py:2941} INFO - Sync 1 DAGs
[2023-11-27T04:57:28.709+0000] {logging_mixin.py:151} INFO - [2023-11-27T04:57:28.709+0000] {dag.py:3722} INFO - Setting next_dagrun for dag_finalpro_fredicia to 2023-11-27T00:00:00+00:00, run_after=2023-11-28T00:00:00+00:00
[2023-11-27T04:57:28.728+0000] {processor.py:179} INFO - Processing /opt/airflow/dags/dag-finalpro-fredicia.py took 0.278 seconds
