[2023-11-26T20:16:01.286+0000] {taskinstance.py:1159} INFO - Dependencies all met for dep_context=non-requeueable deps ti=<TaskInstance: dag_finalpro_fredicia.generate_dim manual__2023-11-26T20:15:59.090620+00:00 [queued]>
[2023-11-26T20:16:01.293+0000] {taskinstance.py:1159} INFO - Dependencies all met for dep_context=requeueable deps ti=<TaskInstance: dag_finalpro_fredicia.generate_dim manual__2023-11-26T20:15:59.090620+00:00 [queued]>
[2023-11-26T20:16:01.293+0000] {taskinstance.py:1361} INFO - Starting attempt 1 of 1
[2023-11-26T20:16:01.303+0000] {taskinstance.py:1382} INFO - Executing <Task(PythonOperator): generate_dim> on 2023-11-26 20:15:59.090620+00:00
[2023-11-26T20:16:01.309+0000] {standard_task_runner.py:57} INFO - Started process 2923 to run task
[2023-11-26T20:16:01.311+0000] {standard_task_runner.py:84} INFO - Running: ['***', 'tasks', 'run', 'dag_finalpro_fredicia', 'generate_dim', 'manual__2023-11-26T20:15:59.090620+00:00', '--job-id', '368', '--raw', '--subdir', 'DAGS_FOLDER/dag-finalpro-fredicia.py', '--cfg-path', '/tmp/tmpj4ggu6v7']
[2023-11-26T20:16:01.312+0000] {standard_task_runner.py:85} INFO - Job 368: Subtask generate_dim
[2023-11-26T20:16:01.342+0000] {task_command.py:416} INFO - Running <TaskInstance: dag_finalpro_fredicia.generate_dim manual__2023-11-26T20:15:59.090620+00:00 [running]> on host 316a5e988948
[2023-11-26T20:16:01.400+0000] {taskinstance.py:1662} INFO - Exporting env vars: AIRFLOW_CTX_DAG_OWNER='***' AIRFLOW_CTX_DAG_ID='dag_finalpro_fredicia' AIRFLOW_CTX_TASK_ID='generate_dim' AIRFLOW_CTX_EXECUTION_DATE='2023-11-26T20:15:59.090620+00:00' AIRFLOW_CTX_TRY_NUMBER='1' AIRFLOW_CTX_DAG_RUN_ID='manual__2023-11-26T20:15:59.090620+00:00'
[2023-11-26T20:16:01.416+0000] {logging_mixin.py:151} INFO - Connecting to MySQL
[2023-11-26T20:16:01.416+0000] {logging_mixin.py:151} INFO - ***+***connector://***:***@172.17.0.1:3307/***
[2023-11-26T20:16:01.654+0000] {logging_mixin.py:151} INFO - Connecting to PostgreSQL
[2023-11-26T20:16:01.702+0000] {logging_mixin.py:151} INFO - GET DATA FROM MYSQL SUCCESS
[2023-11-26T20:16:01.738+0000] {logging_mixin.py:151} INFO - INSERTED dim_district TO POSTGRES SUCCESSFULLY
[2023-11-26T20:16:01.757+0000] {logging_mixin.py:151} INFO - GET DATA FROM MYSQL SUCCESS
[2023-11-26T20:16:01.774+0000] {logging_mixin.py:151} INFO - INSERTED dim_province TO POSTGRES SUCCESSFULLY
[2023-11-26T20:16:01.789+0000] {logging_mixin.py:151} INFO - GET DATA FROM MYSQL SUCCESS
[2023-11-26T20:16:01.815+0000] {logging_mixin.py:151} INFO - INSERTED dim_case TO POSTGRES SUCCESSFULLY
[2023-11-26T20:16:01.816+0000] {python.py:194} INFO - Done. Returned value was: None
[2023-11-26T20:16:01.829+0000] {taskinstance.py:1400} INFO - Marking task as SUCCESS. dag_id=dag_finalpro_fredicia, task_id=generate_dim, execution_date=20231126T201559, start_date=20231126T201601, end_date=20231126T201601
[2023-11-26T20:16:01.857+0000] {local_task_job_runner.py:228} INFO - Task exited with return code 0
[2023-11-26T20:16:01.876+0000] {taskinstance.py:2778} INFO - 2 downstream tasks scheduled from follow-on schedule check
