[2023-11-26T19:17:47.899+0000] {taskinstance.py:1159} INFO - Dependencies all met for dep_context=non-requeueable deps ti=<TaskInstance: dag_finalpro_fredicia.get_data_from_api manual__2023-11-26T19:17:47.251415+00:00 [queued]>
[2023-11-26T19:17:47.905+0000] {taskinstance.py:1159} INFO - Dependencies all met for dep_context=requeueable deps ti=<TaskInstance: dag_finalpro_fredicia.get_data_from_api manual__2023-11-26T19:17:47.251415+00:00 [queued]>
[2023-11-26T19:17:47.905+0000] {taskinstance.py:1361} INFO - Starting attempt 1 of 1
[2023-11-26T19:17:47.917+0000] {taskinstance.py:1382} INFO - Executing <Task(PythonOperator): get_data_from_api> on 2023-11-26 19:17:47.251415+00:00
[2023-11-26T19:17:47.922+0000] {standard_task_runner.py:57} INFO - Started process 2035 to run task
[2023-11-26T19:17:47.924+0000] {standard_task_runner.py:84} INFO - Running: ['***', 'tasks', 'run', 'dag_finalpro_fredicia', 'get_data_from_api', 'manual__2023-11-26T19:17:47.251415+00:00', '--job-id', '335', '--raw', '--subdir', 'DAGS_FOLDER/dag-finalpro-fredicia.py', '--cfg-path', '/tmp/tmpp7tgn483']
[2023-11-26T19:17:47.926+0000] {standard_task_runner.py:85} INFO - Job 335: Subtask get_data_from_api
[2023-11-26T19:17:47.958+0000] {task_command.py:416} INFO - Running <TaskInstance: dag_finalpro_fredicia.get_data_from_api manual__2023-11-26T19:17:47.251415+00:00 [running]> on host 316a5e988948
[2023-11-26T19:17:48.018+0000] {taskinstance.py:1662} INFO - Exporting env vars: AIRFLOW_CTX_DAG_OWNER='***' AIRFLOW_CTX_DAG_ID='dag_finalpro_fredicia' AIRFLOW_CTX_TASK_ID='get_data_from_api' AIRFLOW_CTX_EXECUTION_DATE='2023-11-26T19:17:47.251415+00:00' AIRFLOW_CTX_TRY_NUMBER='1' AIRFLOW_CTX_DAG_RUN_ID='manual__2023-11-26T19:17:47.251415+00:00'
[2023-11-26T19:17:48.095+0000] {covid_scraper.py:12} INFO - GET DATA FROM API COMPLETED
[2023-11-26T19:17:48.099+0000] {covid_scraper.py:14} INFO - DATA FROM API TO DATAFRAME READY
[2023-11-26T19:17:48.108+0000] {logging_mixin.py:151} INFO - <class 'pandas.core.frame.DataFrame'>
RangeIndex: 145 entries, 0 to 144
Data columns (total 20 columns):
 #   Column                    Non-Null Count  Dtype 
---  ------                    --------------  ----- 
 0   CLOSECONTACT              145 non-null    int64 
 1   CONFIRMATION              145 non-null    int64 
 2   PROBABLE                  145 non-null    int64 
 3   SUSPECT                   145 non-null    int64 
 4   closecontact_dikarantina  145 non-null    int64 
 5   closecontact_discarded    145 non-null    int64 
 6   closecontact_meninggal    145 non-null    int64 
 7   confirmation_meninggal    145 non-null    int64 
 8   confirmation_sembuh       145 non-null    int64 
 9   kode_kab                  145 non-null    object
 10  kode_prov                 145 non-null    object
 11  nama_kab                  145 non-null    object
 12  nama_prov                 145 non-null    object
 13  probable_diisolasi        145 non-null    int64 
 14  probable_discarded        145 non-null    int64 
 15  probable_meninggal        145 non-null    int64 
 16  suspect_diisolasi         145 non-null    int64 
 17  suspect_discarded         145 non-null    int64 
 18  suspect_meninggal         145 non-null    int64 
 19  tanggal                   145 non-null    object
dtypes: int64(15), object(5)
memory usage: 22.8+ KB
[2023-11-26T19:17:48.108+0000] {logging_mixin.py:151} INFO - None
[2023-11-26T19:17:48.116+0000] {logging_mixin.py:151} INFO - Connecting to MySQL
[2023-11-26T19:17:48.116+0000] {logging_mixin.py:151} INFO - ***+***connector://***:***@172.17.0.1:3307/***
[2023-11-26T19:17:48.447+0000] {dag-finalpro-fredicia.py:30} INFO - INSERTED covid_jabar SUCCESSFULLY TO MYSQL
[2023-11-26T19:17:48.447+0000] {python.py:194} INFO - Done. Returned value was: None
[2023-11-26T19:17:48.458+0000] {taskinstance.py:1400} INFO - Marking task as SUCCESS. dag_id=dag_finalpro_fredicia, task_id=get_data_from_api, execution_date=20231126T191747, start_date=20231126T191747, end_date=20231126T191748
[2023-11-26T19:17:48.507+0000] {local_task_job_runner.py:228} INFO - Task exited with return code 0
[2023-11-26T19:17:48.531+0000] {taskinstance.py:2778} INFO - 1 downstream tasks scheduled from follow-on schedule check
